\BOOKMARK [0][]{chapter.11}{\376\377\173\054\123\101\116\000\172\340\000\040\000\040\160\355\122\233\133\146\127\372\170\100}{}% 1
\BOOKMARK [1][]{section.11.1}{\376\377\000\247\0001\0001\000.\0001\000\040\220\011\142\351\230\230}{chapter.11}% 2
\BOOKMARK [1][]{section.11.2}{\376\377\000\247\0001\0001\000.\0002\000\040\213\241\173\227\230\230}{chapter.11}% 3
\BOOKMARK [1][]{section.11.3}{\376\377\000\247\0001\0001\000.\0003\000\040\211\343\173\124\230\230}{chapter.11}% 4
\BOOKMARK [0][]{chapter.12}{\376\377\173\054\123\101\116\214\172\340\000\040\000\040\154\024\117\123\122\250\164\006\213\272}{}% 5
\BOOKMARK [1][]{section.12.1}{\376\377\000\247\0001\0002\000.\0001\000\040\220\011\142\351\230\230}{chapter.12}% 6
\BOOKMARK [1][]{section.12.2}{\376\377\000\247\0001\0002\000.\0002\000\040\130\153\172\172\230\230}{chapter.12}% 7
\BOOKMARK [1][]{section.12.3}{\376\377\000\247\0001\0002\000.\0003\000\040\213\241\173\227\230\230}{chapter.12}% 8
\BOOKMARK [0][]{chapter.13}{\376\377\173\054\123\101\116\011\172\340\000\040\000\040\147\072\150\260\143\057\122\250}{}% 9
\BOOKMARK [1][]{section.13.1}{\376\377\000\247\0001\0003\000.\0001\000\040\220\011\142\351\230\230}{chapter.13}% 10
\BOOKMARK [1][]{section.13.2}{\376\377\000\247\0001\0003\000.\0002\000\040\130\153\172\172\230\230}{chapter.13}% 11
\BOOKMARK [1][]{section.13.3}{\376\377\000\247\0001\0003\000.\0003\000\040\213\241\173\227\230\230}{chapter.13}% 12
\BOOKMARK [0][]{chapter.14}{\376\377\173\054\123\101\126\333\172\340\000\040\000\040\147\072\150\260\154\342}{}% 13
\BOOKMARK [1][]{section.14.1}{\376\377\000\247\0001\0004\000.\0001\000\040\220\011\142\351\230\230}{chapter.14}% 14
\BOOKMARK [1][]{section.14.2}{\376\377\000\247\0001\0004\000.\0002\000\040\130\153\172\172\230\230}{chapter.14}% 15
\BOOKMARK [1][]{section.14.3}{\376\377\000\247\0001\0004\000.\0003\000\040\213\241\173\227\230\230}{chapter.14}% 16
\BOOKMARK [0][]{chapter.15}{\376\377\173\054\123\101\116\224\172\340\000\040\000\040\154\342\122\250\121\111\133\146\0001\377\010\136\162\155\211\377\011}{}% 17
\BOOKMARK [1][]{section.15.1}{\376\377\000\247\0001\0005\000.\0001\000\040\220\011\142\351\230\230}{chapter.15}% 18
\BOOKMARK [1][]{section.15.2}{\376\377\000\247\0001\0005\000.\0002\000\040\130\153\172\172\230\230}{chapter.15}% 19
\BOOKMARK [1][]{section.15.3}{\376\377\000\247\0001\0005\000.\0003\000\040\211\343\173\124\230\230}{chapter.15}% 20
\BOOKMARK [0][]{chapter.16}{\376\377\173\054\123\101\121\155\172\340\000\040\000\040\154\342\122\250\121\111\133\146\0002\377\010\210\115\134\004\377\011}{}% 21
\BOOKMARK [1][]{section.16.1}{\376\377\000\247\0001\0006\000.\0001\000\040\220\011\142\351\230\230}{chapter.16}% 22
\BOOKMARK [1][]{section.16.2}{\376\377\000\247\0001\0006\000.\0002\000\040\130\153\172\172\230\230}{chapter.16}% 23
\BOOKMARK [1][]{section.16.3}{\376\377\000\247\0001\0006\000.\0003\000\040\213\241\173\227\230\230}{chapter.16}% 24
\BOOKMARK [0][]{chapter.17}{\376\377\173\054\123\101\116\003\172\340\000\040\000\040\154\342\122\250\121\111\133\146\0003\377\010\120\117\143\057\377\011}{}% 25
\BOOKMARK [1][]{section.17.1}{\376\377\000\247\0001\0007\000.\0001\000\040\220\011\142\351\230\230}{chapter.17}% 26
\BOOKMARK [1][]{section.17.2}{\376\377\000\247\0001\0007\000.\0002\000\040\130\153\172\172\230\230}{chapter.17}% 27
\BOOKMARK [1][]{section.17.3}{\376\377\000\247\0001\0007\000.\0003\000\040\213\241\173\227\230\230}{chapter.17}% 28
\BOOKMARK [0][]{chapter.18}{\376\377\173\054\123\101\121\153\172\340\000\040\000\040\221\317\133\120\162\151\164\006\127\372\170\100}{}% 29
\BOOKMARK [1][]{section.18.1}{\376\377\000\247\0001\0008\000.\0001\000\040\220\011\142\351\230\230}{chapter.18}% 30
\BOOKMARK [1][]{section.18.2}{\376\377\000\247\0001\0008\000.\0002\000\040\130\153\172\172\230\230}{chapter.18}% 31
\BOOKMARK [1][]{section.18.3}{\376\377\000\247\0001\0008\000.\0003\000\040\211\343\173\124\230\230}{chapter.18}% 32
