\BOOKMARK [0][]{chapter.1}{\376\377\173\054\116\000\172\340\000\040\000\040\152\041\147\177\122\237\200\375\116\313\176\315}{}% 1
\BOOKMARK [1][]{section.1.1}{\376\377\000\247\0001\000.\0001\000\040\152\041\147\177\151\202\121\265}{chapter.1}% 2
\BOOKMARK [1][]{section.1.2}{\376\377\000\247\0001\000.\0002\000\040\162\110\147\054\157\024\217\333}{chapter.1}% 3
\BOOKMARK [2][]{subsection.1.2.1}{\376\377\0001\000.\0002\000.\0001\000\040\000V\0001\000\040\162\110\147\054}{section.1.2}% 4
\BOOKMARK [2][]{subsection.1.2.2}{\376\377\0001\000.\0002\000.\0002\000\040\000V\0002\000\040\162\110\147\054}{section.1.2}% 5
\BOOKMARK [2][]{subsection.1.2.3}{\376\377\0001\000.\0002\000.\0003\000\040\000V\0003\000\040\162\110\147\054}{section.1.2}% 6
\BOOKMARK [2][]{subsection.1.2.4}{\376\377\0001\000.\0002\000.\0004\000\040\142\021\213\345\165\050\124\352\116\000\116\052\162\110\147\054\377\037}{section.1.2}% 7
\BOOKMARK [1][]{section.1.3}{\376\377\000\247\0001\000.\0003\000\040\136\070\165\050\122\237\200\375\143\007\123\127}{chapter.1}% 8
\BOOKMARK [2][]{subsection.1.3.1}{\376\377\0001\000.\0003\000.\0001\000\040\124\175\116\344\116\016\163\257\130\203}{section.1.3}% 9
\BOOKMARK [2][]{subsection.1.3.2}{\376\377\0001\000.\0003\000.\0002\000\040\221\115\202\162\145\271\150\110\133\232\122\066}{section.1.3}% 10
\BOOKMARK [2][]{subsection.1.3.3}{\376\377\0001\000.\0003\000.\0003\000\040\121\103\117\341\140\157\133\232\122\066}{section.1.3}% 11
\BOOKMARK [2][]{subsection.1.3.4}{\376\377\0001\000.\0003\000.\0004\000\040\134\001\227\142\133\232\122\066}{section.1.3}% 12
\BOOKMARK [1][]{section.1.4}{\376\377\000\247\0001\000.\0004\000\040\153\143\145\207\133\127\117\123\213\276\177\156}{chapter.1}% 13
\BOOKMARK [2][]{subsection.1.4.1}{\376\377\0001\000.\0004\000.\0001\000\040\133\127\117\123\213\276\177\156\145\271\150\110\166\204\200\003\206\121}{section.1.4}% 14
\BOOKMARK [2][]{subsection.1.4.2}{\376\377\0001\000.\0004\000.\0002\000\040\211\177\145\207\133\127\117\123\213\276\177\156}{section.1.4}% 15
\BOOKMARK [2][]{subsection.1.4.3}{\376\377\0001\000.\0004\000.\0003\000\040\116\055\145\207\133\127\117\123\213\276\177\156}{section.1.4}% 16
\BOOKMARK [1][]{section.1.5}{\376\377\000\247\0001\000.\0005\000\040\225\356\230\230\123\312\145\071\217\333}{chapter.1}% 17
\BOOKMARK [2][]{subsection.1.5.1}{\376\377\0001\000.\0005\000.\0001\000\040\135\362\167\345\225\356\230\230}{section.1.5}% 18
\BOOKMARK [2][]{subsection.1.5.2}{\376\377\0001\000.\0005\000.\0002\000\040\136\056\136\056\142\021\116\354\377\001}{section.1.5}% 19
\BOOKMARK [2][]{subsection.1.5.3}{\376\377\0001\000.\0005\000.\0003\000\040\123\357\211\343\121\263\166\204\225\356\230\230}{section.1.5}% 20
\BOOKMARK [0][]{chapter.2}{\376\377\173\054\116\214\172\340\000\040\000\040\121\205\133\271\171\072\117\213}{}% 21
\BOOKMARK [1][]{section.2.1}{\376\377\000\247\0002\000.\0001\000\040\165\050\142\067\163\257\130\203\171\072\117\213}{chapter.2}% 22
\BOOKMARK [1][]{section.2.2}{\376\377\000\247\0002\000.\0002\000\040\122\027\210\150\150\067\137\017}{chapter.2}% 23
\BOOKMARK [1][]{section.2.3}{\376\377\000\247\0002\000.\0003\000\040\153\143\145\207\171\072\117\213}{chapter.2}% 24
\BOOKMARK [1][]{section.2.4}{\376\377\000\247\0002\000.\0004\000\040\137\025\133\374\124\175\116\344\171\072\117\213}{chapter.2}% 25
\BOOKMARK [0][]{equation.2.4.2}{\376\377\123\302\200\003\145\207\163\056}{}% 26
